<?xml version="1.0" encoding="UTF-8"?>
<!-- Generated by org.testng.reporters.JUnitXMLReporter -->
<testsuite ignored="0" hostname="Manoj_Kumar_M" failures="0" tests="8" name="Surefire test" time="85.371" errors="0" timestamp="2024-10-27T00:44:08 IST">
  <testcase classname="hybridframework.funtionaltestingscripts.LoginFunctionalTest" name="LoginTest" time="9.426"/>
  <testcase classname="hybridframework.funtionaltestingscripts.LoginFunctionalTest" name="LoginTest" time="6.534"/>
  <testcase classname="hybridframework.funtionaltestingscripts.LoginFunctionalTest" name="LoginTest" time="5.465"/>
  <testcase classname="hybridframework.funtionaltestingscripts.LoginFunctionalTest" name="LoginTest" time="6.778"/>
  <testcase classname="hybridframework.funtionaltestingscripts.LoginFunctionalTest" name="LoginTest" time="6.435"/>
  <testcase classname="hybridframework.funtionaltestingscripts.LoginFunctionalTest" name="LoginTest" time="10.174"/>
  <testcase classname="hybridframework.testscriptstest.AddAddressTest" name="addAddressTest" time="13.18"/>
  <testcase classname="hybridframework.testscriptstest.PlaceAnOrderTest" name="placeOrderTest" time="10.361"/>
</testsuite> <!-- Surefire test -->
